This file contains any messages produced by compilers while
running configure, to aid debugging if configure makes a mistake.

It was created by pfring.c configure 1.0, which was
generated by GNU Autoconf 2.69.  Invocation command line was

  $ ./configure 

## --------- ##
## Platform. ##
## --------- ##

hostname = tgogos3-VirtualBox
uname -m = x86_64
uname -r = 3.19.0-39-generic
uname -s = Linux
uname -v = #44~14.04.1-Ubuntu SMP Wed Dec 2 10:00:35 UTC 2015

/usr/bin/uname -p = unknown
/bin/uname -X     = unknown

/bin/arch              = unknown
/usr/bin/arch -k       = unknown
/usr/convex/getsysinfo = unknown
/usr/bin/hostinfo      = unknown
/bin/machine           = unknown
/usr/bin/oslevel       = unknown
/bin/universe          = unknown

PATH: /usr/local/sbin
PATH: /usr/local/bin
PATH: /usr/sbin
PATH: /usr/bin
PATH: /sbin
PATH: /bin


## ----------- ##
## Core tests. ##
## ----------- ##

configure:2111: checking for gcc
configure:2127: found /usr/bin/gcc
configure:2138: result: gcc
configure:2367: checking for C compiler version
configure:2376: gcc --version >&5
gcc (Ubuntu 4.8.4-2ubuntu1~14.04) 4.8.4
Copyright (C) 2013 Free Software Foundation, Inc.
This is free software; see the source for copying conditions.  There is NO
warranty; not even for MERCHANTABILITY or FITNESS FOR A PARTICULAR PURPOSE.

configure:2387: $? = 0
configure:2376: gcc -v >&5
Using built-in specs.
COLLECT_GCC=gcc
COLLECT_LTO_WRAPPER=/usr/lib/gcc/x86_64-linux-gnu/4.8/lto-wrapper
Target: x86_64-linux-gnu
Configured with: ../src/configure -v --with-pkgversion='Ubuntu 4.8.4-2ubuntu1~14.04' --with-bugurl=file:///usr/share/doc/gcc-4.8/README.Bugs --enable-languages=c,c++,java,go,d,fortran,objc,obj-c++ --prefix=/usr --program-suffix=-4.8 --enable-shared --enable-linker-build-id --libexecdir=/usr/lib --without-included-gettext --enable-threads=posix --with-gxx-include-dir=/usr/include/c++/4.8 --libdir=/usr/lib --enable-nls --with-sysroot=/ --enable-clocale=gnu --enable-libstdcxx-debug --enable-libstdcxx-time=yes --enable-gnu-unique-object --disable-libmudflap --enable-plugin --with-system-zlib --disable-browser-plugin --enable-java-awt=gtk --enable-gtk-cairo --with-java-home=/usr/lib/jvm/java-1.5.0-gcj-4.8-amd64/jre --enable-java-home --with-jvm-root-dir=/usr/lib/jvm/java-1.5.0-gcj-4.8-amd64 --with-jvm-jar-dir=/usr/lib/jvm-exports/java-1.5.0-gcj-4.8-amd64 --with-arch-directory=amd64 --with-ecj-jar=/usr/share/java/eclipse-ecj.jar --enable-objc-gc --enable-multiarch --disable-werror --with-arch-32=i686 --with-abi=m64 --with-multilib-list=m32,m64,mx32 --with-tune=generic --enable-checking=release --build=x86_64-linux-gnu --host=x86_64-linux-gnu --target=x86_64-linux-gnu
Thread model: posix
gcc version 4.8.4 (Ubuntu 4.8.4-2ubuntu1~14.04) 
configure:2387: $? = 0
configure:2376: gcc -V >&5
gcc: error: unrecognized command line option '-V'
gcc: fatal error: no input files
compilation terminated.
configure:2387: $? = 4
configure:2376: gcc -qversion >&5
gcc: error: unrecognized command line option '-qversion'
gcc: fatal error: no input files
compilation terminated.
configure:2387: $? = 4
configure:2407: checking whether the C compiler works
configure:2429: gcc    conftest.c  >&5
configure:2433: $? = 0
configure:2481: result: yes
configure:2484: checking for C compiler default output file name
configure:2486: result: a.out
configure:2492: checking for suffix of executables
configure:2499: gcc -o conftest    conftest.c  >&5
configure:2503: $? = 0
configure:2525: result: 
configure:2547: checking whether we are cross compiling
configure:2555: gcc -o conftest    conftest.c  >&5
configure:2559: $? = 0
configure:2566: ./conftest
configure:2570: $? = 0
configure:2585: result: no
configure:2590: checking for suffix of object files
configure:2612: gcc -c   conftest.c >&5
configure:2616: $? = 0
configure:2637: result: o
configure:2641: checking whether we are using the GNU C compiler
configure:2660: gcc -c   conftest.c >&5
configure:2660: $? = 0
configure:2669: result: yes
configure:2678: checking whether gcc accepts -g
configure:2698: gcc -c -g  conftest.c >&5
configure:2698: $? = 0
configure:2739: result: yes
configure:2756: checking for gcc option to accept ISO C89
configure:2819: gcc  -c -g -O2  conftest.c >&5
configure:2819: $? = 0
configure:2832: result: none needed
configure:2861: checking how to run the C preprocessor
configure:2892: gcc -E  conftest.c
configure:2892: $? = 0
configure:2906: gcc -E  conftest.c
conftest.c:9:28: fatal error: ac_nonexistent.h: No such file or directory
 #include <ac_nonexistent.h>
                            ^
compilation terminated.
configure:2906: $? = 1
configure: failed program was:
| /* confdefs.h */
| #define PACKAGE_NAME "pfring.c"
| #define PACKAGE_TARNAME "pfring-c"
| #define PACKAGE_VERSION "1.0"
| #define PACKAGE_STRING "pfring.c 1.0"
| #define PACKAGE_BUGREPORT ""
| #define PACKAGE_URL ""
| /* end confdefs.h.  */
| #include <ac_nonexistent.h>
configure:2931: result: gcc -E
configure:2951: gcc -E  conftest.c
configure:2951: $? = 0
configure:2965: gcc -E  conftest.c
conftest.c:9:28: fatal error: ac_nonexistent.h: No such file or directory
 #include <ac_nonexistent.h>
                            ^
compilation terminated.
configure:2965: $? = 1
configure: failed program was:
| /* confdefs.h */
| #define PACKAGE_NAME "pfring.c"
| #define PACKAGE_TARNAME "pfring-c"
| #define PACKAGE_VERSION "1.0"
| #define PACKAGE_STRING "pfring.c 1.0"
| #define PACKAGE_BUGREPORT ""
| #define PACKAGE_URL ""
| /* end confdefs.h.  */
| #include <ac_nonexistent.h>
configure:2994: checking for grep that handles long lines and -e
configure:3052: result: /bin/grep
configure:3057: checking for egrep
configure:3119: result: /bin/grep -E
configure:3124: checking for ANSI C header files
configure:3144: gcc -c -g -O2  conftest.c >&5
configure:3144: $? = 0
configure:3217: gcc -o conftest -g -O2   conftest.c  >&5
configure:3217: $? = 0
configure:3217: ./conftest
configure:3217: $? = 0
configure:3228: result: yes
configure:3241: checking for sys/types.h
configure:3241: gcc -c -g -O2  conftest.c >&5
configure:3241: $? = 0
configure:3241: result: yes
configure:3241: checking for sys/stat.h
configure:3241: gcc -c -g -O2  conftest.c >&5
configure:3241: $? = 0
configure:3241: result: yes
configure:3241: checking for stdlib.h
configure:3241: gcc -c -g -O2  conftest.c >&5
configure:3241: $? = 0
configure:3241: result: yes
configure:3241: checking for string.h
configure:3241: gcc -c -g -O2  conftest.c >&5
configure:3241: $? = 0
configure:3241: result: yes
configure:3241: checking for memory.h
configure:3241: gcc -c -g -O2  conftest.c >&5
configure:3241: $? = 0
configure:3241: result: yes
configure:3241: checking for strings.h
configure:3241: gcc -c -g -O2  conftest.c >&5
configure:3241: $? = 0
configure:3241: result: yes
configure:3241: checking for inttypes.h
configure:3241: gcc -c -g -O2  conftest.c >&5
configure:3241: $? = 0
configure:3241: result: yes
configure:3241: checking for stdint.h
configure:3241: gcc -c -g -O2  conftest.c >&5
configure:3241: $? = 0
configure:3241: result: yes
configure:3241: checking for unistd.h
configure:3241: gcc -c -g -O2  conftest.c >&5
configure:3241: $? = 0
configure:3241: result: yes
configure:3256: checking linux/net_tstamp.h usability
configure:3256: gcc -c -g -O2  conftest.c >&5
configure:3256: $? = 0
configure:3256: result: yes
configure:3256: checking linux/net_tstamp.h presence
configure:3256: gcc -E  conftest.c
configure:3256: $? = 0
configure:3256: result: yes
configure:3256: checking for linux/net_tstamp.h
configure:3256: result: yes
configure:3256: checking librdi.h usability
configure:3256: gcc -c -g -O2  conftest.c >&5
conftest.c:53:20: fatal error: librdi.h: No such file or directory
 #include <librdi.h>
                    ^
compilation terminated.
configure:3256: $? = 1
configure: failed program was:
| /* confdefs.h */
| #define PACKAGE_NAME "pfring.c"
| #define PACKAGE_TARNAME "pfring-c"
| #define PACKAGE_VERSION "1.0"
| #define PACKAGE_STRING "pfring.c 1.0"
| #define PACKAGE_BUGREPORT ""
| #define PACKAGE_URL ""
| #define STDC_HEADERS 1
| #define HAVE_SYS_TYPES_H 1
| #define HAVE_SYS_STAT_H 1
| #define HAVE_STDLIB_H 1
| #define HAVE_STRING_H 1
| #define HAVE_MEMORY_H 1
| #define HAVE_STRINGS_H 1
| #define HAVE_INTTYPES_H 1
| #define HAVE_STDINT_H 1
| #define HAVE_UNISTD_H 1
| #define HAVE_LINUX_NET_TSTAMP_H 1
| /* end confdefs.h.  */
| #include <stdio.h>
| #ifdef HAVE_SYS_TYPES_H
| # include <sys/types.h>
| #endif
| #ifdef HAVE_SYS_STAT_H
| # include <sys/stat.h>
| #endif
| #ifdef STDC_HEADERS
| # include <stdlib.h>
| # include <stddef.h>
| #else
| # ifdef HAVE_STDLIB_H
| #  include <stdlib.h>
| # endif
| #endif
| #ifdef HAVE_STRING_H
| # if !defined STDC_HEADERS && defined HAVE_MEMORY_H
| #  include <memory.h>
| # endif
| # include <string.h>
| #endif
| #ifdef HAVE_STRINGS_H
| # include <strings.h>
| #endif
| #ifdef HAVE_INTTYPES_H
| # include <inttypes.h>
| #endif
| #ifdef HAVE_STDINT_H
| # include <stdint.h>
| #endif
| #ifdef HAVE_UNISTD_H
| # include <unistd.h>
| #endif
| #include <librdi.h>
configure:3256: result: no
configure:3256: checking librdi.h presence
configure:3256: gcc -E  conftest.c
conftest.c:20:20: fatal error: librdi.h: No such file or directory
 #include <librdi.h>
                    ^
compilation terminated.
configure:3256: $? = 1
configure: failed program was:
| /* confdefs.h */
| #define PACKAGE_NAME "pfring.c"
| #define PACKAGE_TARNAME "pfring-c"
| #define PACKAGE_VERSION "1.0"
| #define PACKAGE_STRING "pfring.c 1.0"
| #define PACKAGE_BUGREPORT ""
| #define PACKAGE_URL ""
| #define STDC_HEADERS 1
| #define HAVE_SYS_TYPES_H 1
| #define HAVE_SYS_STAT_H 1
| #define HAVE_STDLIB_H 1
| #define HAVE_STRING_H 1
| #define HAVE_MEMORY_H 1
| #define HAVE_STRINGS_H 1
| #define HAVE_INTTYPES_H 1
| #define HAVE_STDINT_H 1
| #define HAVE_UNISTD_H 1
| #define HAVE_LINUX_NET_TSTAMP_H 1
| /* end confdefs.h.  */
| #include <librdi.h>
configure:3256: result: no
configure:3256: checking for librdi.h
configure:3256: result: no
configure:3303: checking for pthread_setaffinity_np in -lpthread
configure:3328: gcc -o conftest -march=corei7 -mtune=corei7    conftest.c -lpthread   >&5
configure:3328: $? = 0
configure:3337: result: yes
configure:3350: checking PF_RING ZC support
configure:3357: result: yes
configure:3369: checking Zero support
configure:3375: result: yes
configure:3445: checking if r/w locks are supported
configure:3467: gcc -o conftest -march=corei7 -mtune=corei7    conftest.c  >&5
configure:3467: $? = 0
configure:3467: ./conftest
configure:3467: $? = 0
configure:3468: result: yes
configure:3485: checking DNA support
configure:3492: result: yes
configure:3504: checking for librdi.h
configure:3504: result: no
configure:3583: checking for redisCommand in -lhiredis
configure:3608: gcc -o conftest -march=corei7 -mtune=corei7    conftest.c -lhiredis   >&5
/usr/bin/ld: cannot find -lhiredis
collect2: error: ld returned 1 exit status
configure:3608: $? = 1
configure: failed program was:
| /* confdefs.h */
| #define PACKAGE_NAME "pfring.c"
| #define PACKAGE_TARNAME "pfring-c"
| #define PACKAGE_VERSION "1.0"
| #define PACKAGE_STRING "pfring.c 1.0"
| #define PACKAGE_BUGREPORT ""
| #define PACKAGE_URL ""
| #define STDC_HEADERS 1
| #define HAVE_SYS_TYPES_H 1
| #define HAVE_SYS_STAT_H 1
| #define HAVE_STDLIB_H 1
| #define HAVE_STRING_H 1
| #define HAVE_MEMORY_H 1
| #define HAVE_STRINGS_H 1
| #define HAVE_INTTYPES_H 1
| #define HAVE_STDINT_H 1
| #define HAVE_UNISTD_H 1
| #define HAVE_LINUX_NET_TSTAMP_H 1
| #define HAVE_PTHREAD_SETAFFINITY_NP 1
| #define HAVE_RW_LOCK 1
| /* end confdefs.h.  */
| 
| /* Override any GCC internal prototype to avoid an error.
|    Use char because int might match the return type of a GCC
|    builtin and then its argument prototype would still apply.  */
| #ifdef __cplusplus
| extern "C"
| #endif
| char redisCommand ();
| int
| main ()
| {
| return redisCommand ();
|   ;
|   return 0;
| }
configure:3617: result: no
configure:3650: checking for numa_available in -lnuma
configure:3675: gcc -o conftest -march=corei7 -mtune=corei7    conftest.c -lnuma   >&5
configure:3675: $? = 0
configure:3684: result: yes
configure:3690: checking if libnuma is present
configure:3695: result: yes
configure:3706: checking for clock_gettime in -lrt
configure:3731: gcc -o conftest -march=corei7 -mtune=corei7    conftest.c -lrt   >&5
configure:3731: $? = 0
configure:3740: result: yes
configure:3746: checking for nl_handle_alloc in -lnl
configure:3771: gcc -o conftest -march=corei7 -mtune=corei7    conftest.c -lnl   >&5
/usr/bin/ld: cannot find -lnl
collect2: error: ld returned 1 exit status
configure:3771: $? = 1
configure: failed program was:
| /* confdefs.h */
| #define PACKAGE_NAME "pfring.c"
| #define PACKAGE_TARNAME "pfring-c"
| #define PACKAGE_VERSION "1.0"
| #define PACKAGE_STRING "pfring.c 1.0"
| #define PACKAGE_BUGREPORT ""
| #define PACKAGE_URL ""
| #define STDC_HEADERS 1
| #define HAVE_SYS_TYPES_H 1
| #define HAVE_SYS_STAT_H 1
| #define HAVE_STDLIB_H 1
| #define HAVE_STRING_H 1
| #define HAVE_MEMORY_H 1
| #define HAVE_STRINGS_H 1
| #define HAVE_INTTYPES_H 1
| #define HAVE_STDINT_H 1
| #define HAVE_UNISTD_H 1
| #define HAVE_LINUX_NET_TSTAMP_H 1
| #define HAVE_PTHREAD_SETAFFINITY_NP 1
| #define HAVE_RW_LOCK 1
| /* end confdefs.h.  */
| 
| /* Override any GCC internal prototype to avoid an error.
|    Use char because int might match the return type of a GCC
|    builtin and then its argument prototype would still apply.  */
| #ifdef __cplusplus
| extern "C"
| #endif
| char nl_handle_alloc ();
| int
| main ()
| {
| return nl_handle_alloc ();
|   ;
|   return 0;
| }
configure:3780: result: no
configure:3787: checking for dag_get_stream_erf_types in -ldag
configure:3812: gcc -o conftest -march=corei7 -mtune=corei7    conftest.c -ldag    >&5
/usr/bin/ld: cannot find -ldag
collect2: error: ld returned 1 exit status
configure:3812: $? = 1
configure: failed program was:
| /* confdefs.h */
| #define PACKAGE_NAME "pfring.c"
| #define PACKAGE_TARNAME "pfring-c"
| #define PACKAGE_VERSION "1.0"
| #define PACKAGE_STRING "pfring.c 1.0"
| #define PACKAGE_BUGREPORT ""
| #define PACKAGE_URL ""
| #define STDC_HEADERS 1
| #define HAVE_SYS_TYPES_H 1
| #define HAVE_SYS_STAT_H 1
| #define HAVE_STDLIB_H 1
| #define HAVE_STRING_H 1
| #define HAVE_MEMORY_H 1
| #define HAVE_STRINGS_H 1
| #define HAVE_INTTYPES_H 1
| #define HAVE_STDINT_H 1
| #define HAVE_UNISTD_H 1
| #define HAVE_LINUX_NET_TSTAMP_H 1
| #define HAVE_PTHREAD_SETAFFINITY_NP 1
| #define HAVE_RW_LOCK 1
| /* end confdefs.h.  */
| 
| /* Override any GCC internal prototype to avoid an error.
|    Use char because int might match the return type of a GCC
|    builtin and then its argument prototype would still apply.  */
| #ifdef __cplusplus
| extern "C"
| #endif
| char dag_get_stream_erf_types ();
| int
| main ()
| {
| return dag_get_stream_erf_types ();
|   ;
|   return 0;
| }
configure:3821: result: no
configure:3922: checking Accolade support
configure:3942: result: no
configure:4132: creating ./config.status

## ---------------------- ##
## Running config.status. ##
## ---------------------- ##

This file was extended by pfring.c config.status 1.0, which was
generated by GNU Autoconf 2.69.  Invocation command line was

  CONFIG_FILES    = 
  CONFIG_HEADERS  = 
  CONFIG_LINKS    = 
  CONFIG_COMMANDS = 
  $ ./config.status 

on tgogos3-VirtualBox

config.status:844: creating Makefile
config.status:844: creating ../examples/Makefile
config.status:844: creating ../examples_zc/Makefile
config.status:844: creating ../examples_libzero/Makefile
config.status:844: creating ../c++/Makefile
config.status:844: creating config.h
config.status:1014: config.h is unchanged

## ---------------- ##
## Cache variables. ##
## ---------------- ##

ac_cv_c_compiler_gnu=yes
ac_cv_env_CC_set=
ac_cv_env_CC_value=
ac_cv_env_CFLAGS_set=
ac_cv_env_CFLAGS_value=
ac_cv_env_CPPFLAGS_set=
ac_cv_env_CPPFLAGS_value=
ac_cv_env_CPP_set=
ac_cv_env_CPP_value=
ac_cv_env_LDFLAGS_set=
ac_cv_env_LDFLAGS_value=
ac_cv_env_LIBS_set=
ac_cv_env_LIBS_value=
ac_cv_env_build_alias_set=
ac_cv_env_build_alias_value=
ac_cv_env_host_alias_set=
ac_cv_env_host_alias_value=
ac_cv_env_target_alias_set=
ac_cv_env_target_alias_value=
ac_cv_header_inttypes_h=yes
ac_cv_header_librdi_h=no
ac_cv_header_linux_net_tstamp_h=yes
ac_cv_header_memory_h=yes
ac_cv_header_stdc=yes
ac_cv_header_stdint_h=yes
ac_cv_header_stdlib_h=yes
ac_cv_header_string_h=yes
ac_cv_header_strings_h=yes
ac_cv_header_sys_stat_h=yes
ac_cv_header_sys_types_h=yes
ac_cv_header_unistd_h=yes
ac_cv_lib_dag_dag_get_stream_erf_types=no
ac_cv_lib_hiredis_redisCommand=no
ac_cv_lib_nl_nl_handle_alloc=no
ac_cv_lib_numa_numa_available=yes
ac_cv_lib_pthread_pthread_setaffinity_np=yes
ac_cv_lib_rt_clock_gettime=yes
ac_cv_objext=o
ac_cv_path_EGREP='/bin/grep -E'
ac_cv_path_GREP=/bin/grep
ac_cv_prog_CPP='gcc -E'
ac_cv_prog_ac_ct_CC=gcc
ac_cv_prog_cc_c89=
ac_cv_prog_cc_g=yes

## ----------------- ##
## Output variables. ##
## ----------------- ##

ACCOLADE_INC=''
ACCOLADE_LIB=''
ACCOLADE_OBJS=''
BPF_INCLUDE='-I../libpcap'
CC='gcc'
CFLAGS='-march=corei7 -mtune=corei7 '
CPP='gcc -E'
CPPFLAGS=''
DAG_LIB=''
DAG_OBJS=''
DEFS='-DHAVE_CONFIG_H'
DNA_DEP='extract_dna_lib'
DNA_LIB='libs/libpfring_dna_x86_64_corei7.a'
DNA_OBJS='pfring_mod_dna.o pfring_dna.o pfring_e1000e_dna.o pfring_e1000_dna.o pfring_ixgbe_dna.o pfring_igb_dna.o silicom_ts.o pfring_dna_utils.o '
ECHO_C=''
ECHO_N='-n'
ECHO_T=''
EGREP='/bin/grep -E'
EXEEXT=''
GREP='/bin/grep'
HAVE_ACCOLADE=''
HAVE_BPF='-D ENABLE_BPF'
HAVE_DAG=''
HAVE_DNA='-D HAVE_DNA'
HAVE_HW_TIMESTAMP='-D ENABLE_HW_TIMESTAMP'
HAVE_LIBNUMA='-D HAVE_LIBNUMA'
HAVE_MLX=''
HAVE_NT=''
HAVE_PF_RING_ZC='-D HAVE_PF_RING_ZC'
HAVE_REDIRECTOR=''
HAVE_ZERO='-D HAVE_ZERO'
INSTALL_PREFIX='/usr/local'
LDFLAGS=''
LIBNUMA='-lnuma'
LIBOBJS=''
LIBS=''
LTLIBOBJS=''
MLX_OBJS=''
MOD_NT_LIB='libs/libpfring_nt_x86_64_corei7.a'
NT_DEP=''
NT_INC=''
NT_LIB=''
NT_OBJS=''
OBJEXT='o'
PACKAGE_BUGREPORT=''
PACKAGE_NAME='pfring.c'
PACKAGE_STRING='pfring.c 1.0'
PACKAGE_TARNAME='pfring-c'
PACKAGE_URL=''
PACKAGE_VERSION='1.0'
PATH_SEPARATOR=':'
PF_RING_ZC_DEP='extract_pfring_zc_lib'
PF_RING_ZC_H='pfring_zc.h'
PF_RING_ZC_LIB='libs/libpfring_zc_x86_64_corei7.a'
PF_RING_ZC_OBJS='pfring_zc_dev_e1000.o pfring_zc_dev_e1000e.o pfring_zc_dev_ixgbe.o pfring_zc_dev_igb.o pfring_zc_dev_i40e.o pfring_zc_dev_rss.o pfring_zc_dev_sal.o pfring_mod_zc.o pfring_mod_zc_dev.o pfring_mod_zc_spsc.o pfring_zc_cluster.o pfring_zc_mm.o uio_lib.o hugetlb_lib.o pfring_zc_kvm.o pfring_zc_kvm_utils.o silicom_ts_card.o '
REDIS_LIB=''
SHELL='/bin/bash'
SILICOM_LIBS=''
SYSLIBS=' -lrt'
ZERO_DEP='extract_zero_lib'
ZERO_LIB='libs/libpfring_zero_x86_64_corei7.a'
ZERO_OBJS='pfring_dna_bouncer.o pfring_mod_dna_cluster.o pfring_dna_cluster.o pfring_dna_vas.o pfring_dna_sal.o pfring_libzero.o hugepages_lib.o '
ac_ct_CC='gcc'
bindir='${exec_prefix}/bin'
build_alias=''
datadir='${datarootdir}'
datarootdir='${prefix}/share'
docdir='${datarootdir}/doc/${PACKAGE_TARNAME}'
dvidir='${docdir}'
exec_prefix='${prefix}'
host_alias=''
htmldir='${docdir}'
includedir='${prefix}/include'
infodir='${datarootdir}/info'
libdir='${exec_prefix}/lib'
libexecdir='${exec_prefix}/libexec'
localedir='${datarootdir}/locale'
localstatedir='${prefix}/var'
mandir='${datarootdir}/man'
oldincludedir='/usr/include'
pdfdir='${docdir}'
prefix='/usr/local'
program_transform_name='s,x,x,'
psdir='${docdir}'
sbindir='${exec_prefix}/sbin'
sharedstatedir='${prefix}/com'
sysconfdir='${prefix}/etc'
target_alias=''

## ----------- ##
## confdefs.h. ##
## ----------- ##

/* confdefs.h */
#define PACKAGE_NAME "pfring.c"
#define PACKAGE_TARNAME "pfring-c"
#define PACKAGE_VERSION "1.0"
#define PACKAGE_STRING "pfring.c 1.0"
#define PACKAGE_BUGREPORT ""
#define PACKAGE_URL ""
#define STDC_HEADERS 1
#define HAVE_SYS_TYPES_H 1
#define HAVE_SYS_STAT_H 1
#define HAVE_STDLIB_H 1
#define HAVE_STRING_H 1
#define HAVE_MEMORY_H 1
#define HAVE_STRINGS_H 1
#define HAVE_INTTYPES_H 1
#define HAVE_STDINT_H 1
#define HAVE_UNISTD_H 1
#define HAVE_LINUX_NET_TSTAMP_H 1
#define HAVE_PTHREAD_SETAFFINITY_NP 1
#define HAVE_RW_LOCK 1

configure: exit 0
